                                      1 ;--------------------------------------------------------
                                      2 ; File Created by SDCC : free open source ISO C Compiler 
                                      3 ; Version 4.3.0 #14184 (MINGW64)
                                      4 ;--------------------------------------------------------
                                      5 	.module adc
                                      6 	.optsdcc -mmcs51 --model-small
                                      7 	
                                      8 ;--------------------------------------------------------
                                      9 ; Public variables in this module
                                     10 ;--------------------------------------------------------
                                     11 	.globl _MOSI
                                     12 	.globl _P00
                                     13 	.globl _MISO
                                     14 	.globl _P01
                                     15 	.globl _RXD_1
                                     16 	.globl _P02
                                     17 	.globl _P03
                                     18 	.globl _STADC
                                     19 	.globl _P04
                                     20 	.globl _P05
                                     21 	.globl _TXD
                                     22 	.globl _P06
                                     23 	.globl _RXD
                                     24 	.globl _P07
                                     25 	.globl _IT0
                                     26 	.globl _IE0
                                     27 	.globl _IT1
                                     28 	.globl _IE1
                                     29 	.globl _TR0
                                     30 	.globl _TF0
                                     31 	.globl _TR1
                                     32 	.globl _TF1
                                     33 	.globl _P10
                                     34 	.globl _P11
                                     35 	.globl _P12
                                     36 	.globl _SCL
                                     37 	.globl _P13
                                     38 	.globl _SDA
                                     39 	.globl _P14
                                     40 	.globl _P15
                                     41 	.globl _TXD_1
                                     42 	.globl _P16
                                     43 	.globl _P17
                                     44 	.globl _RI
                                     45 	.globl _TI
                                     46 	.globl _RB8
                                     47 	.globl _TB8
                                     48 	.globl _REN
                                     49 	.globl _SM2
                                     50 	.globl _SM1
                                     51 	.globl _FE
                                     52 	.globl _SM0
                                     53 	.globl _P20
                                     54 	.globl _EX0
                                     55 	.globl _ET0
                                     56 	.globl _EX1
                                     57 	.globl _ET1
                                     58 	.globl _ES
                                     59 	.globl _EBOD
                                     60 	.globl _EADC
                                     61 	.globl _EA
                                     62 	.globl _P30
                                     63 	.globl _PX0
                                     64 	.globl _PT0
                                     65 	.globl _PX1
                                     66 	.globl _PT1
                                     67 	.globl _PS
                                     68 	.globl _PBOD
                                     69 	.globl _PADC
                                     70 	.globl _I2CPX
                                     71 	.globl _AA
                                     72 	.globl _SI
                                     73 	.globl _STO
                                     74 	.globl _STA
                                     75 	.globl _I2CEN
                                     76 	.globl _CM_RL2
                                     77 	.globl _TR2
                                     78 	.globl _TF2
                                     79 	.globl _P
                                     80 	.globl _OV
                                     81 	.globl _RS0
                                     82 	.globl _RS1
                                     83 	.globl _F0
                                     84 	.globl _AC
                                     85 	.globl _CY
                                     86 	.globl _CLRPWM
                                     87 	.globl _PWMF
                                     88 	.globl _LOAD
                                     89 	.globl _PWMRUN
                                     90 	.globl _ADCHS0
                                     91 	.globl _ADCHS1
                                     92 	.globl _ADCHS2
                                     93 	.globl _ADCHS3
                                     94 	.globl _ETGSEL0
                                     95 	.globl _ETGSEL1
                                     96 	.globl _ADCS
                                     97 	.globl _ADCF
                                     98 	.globl _RI_1
                                     99 	.globl _TI_1
                                    100 	.globl _RB8_1
                                    101 	.globl _TB8_1
                                    102 	.globl _REN_1
                                    103 	.globl _SM2_1
                                    104 	.globl _SM1_1
                                    105 	.globl _FE_1
                                    106 	.globl _SM0_1
                                    107 	.globl _EIPH1
                                    108 	.globl _EIP1
                                    109 	.globl _PMD
                                    110 	.globl _PMEN
                                    111 	.globl _PDTCNT
                                    112 	.globl _PDTEN
                                    113 	.globl _SCON_1
                                    114 	.globl _EIPH
                                    115 	.globl _AINDIDS
                                    116 	.globl _SPDR
                                    117 	.globl _SPSR
                                    118 	.globl _SPCR2
                                    119 	.globl _SPCR
                                    120 	.globl _CAPCON4
                                    121 	.globl _CAPCON3
                                    122 	.globl _B
                                    123 	.globl _EIP
                                    124 	.globl _C2H
                                    125 	.globl _C2L
                                    126 	.globl _PIF
                                    127 	.globl _PIPEN
                                    128 	.globl _PINEN
                                    129 	.globl _PICON
                                    130 	.globl _ADCCON0
                                    131 	.globl _C1H
                                    132 	.globl _C1L
                                    133 	.globl _C0H
                                    134 	.globl _C0L
                                    135 	.globl _ADCDLY
                                    136 	.globl _ADCCON2
                                    137 	.globl _ADCCON1
                                    138 	.globl _ACC
                                    139 	.globl _PWMCON1
                                    140 	.globl _PIOCON0
                                    141 	.globl _PWM3L
                                    142 	.globl _PWM2L
                                    143 	.globl _PWM1L
                                    144 	.globl _PWM0L
                                    145 	.globl _PWMPL
                                    146 	.globl _PWMCON0
                                    147 	.globl _FBD
                                    148 	.globl _PNP
                                    149 	.globl _PWM3H
                                    150 	.globl _PWM2H
                                    151 	.globl _PWM1H
                                    152 	.globl _PWM0H
                                    153 	.globl _PWMPH
                                    154 	.globl _PSW
                                    155 	.globl _ADCMPH
                                    156 	.globl _ADCMPL
                                    157 	.globl _PWM5L
                                    158 	.globl _TH2
                                    159 	.globl _PWM4L
                                    160 	.globl _TL2
                                    161 	.globl _RCMP2H
                                    162 	.globl _RCMP2L
                                    163 	.globl _T2MOD
                                    164 	.globl _T2CON
                                    165 	.globl _TA
                                    166 	.globl _PIOCON1
                                    167 	.globl _RH3
                                    168 	.globl _PWM5H
                                    169 	.globl _RL3
                                    170 	.globl _PWM4H
                                    171 	.globl _T3CON
                                    172 	.globl _ADCRH
                                    173 	.globl _ADCRL
                                    174 	.globl _I2ADDR
                                    175 	.globl _I2CON
                                    176 	.globl _I2TOC
                                    177 	.globl _I2CLK
                                    178 	.globl _I2STAT
                                    179 	.globl _I2DAT
                                    180 	.globl _SADDR_1
                                    181 	.globl _SADEN_1
                                    182 	.globl _SADEN
                                    183 	.globl _IP
                                    184 	.globl _PWMINTC
                                    185 	.globl _IPH
                                    186 	.globl _P2S
                                    187 	.globl _P1SR
                                    188 	.globl _P1M2
                                    189 	.globl _P1S
                                    190 	.globl _P1M1
                                    191 	.globl _P0SR
                                    192 	.globl _P0M2
                                    193 	.globl _P0S
                                    194 	.globl _P0M1
                                    195 	.globl _P3
                                    196 	.globl _IAPCN
                                    197 	.globl _IAPFD
                                    198 	.globl _P3SR
                                    199 	.globl _P3M2
                                    200 	.globl _P3S
                                    201 	.globl _P3M1
                                    202 	.globl _BODCON1
                                    203 	.globl _WDCON
                                    204 	.globl _SADDR
                                    205 	.globl _IE
                                    206 	.globl _IAPAH
                                    207 	.globl _IAPAL
                                    208 	.globl _IAPUEN
                                    209 	.globl _IAPTRG
                                    210 	.globl _BODCON0
                                    211 	.globl _AUXR1
                                    212 	.globl _P2
                                    213 	.globl _CHPCON
                                    214 	.globl _EIE1
                                    215 	.globl _EIE
                                    216 	.globl _SBUF_1
                                    217 	.globl _SBUF
                                    218 	.globl _SCON
                                    219 	.globl _CKEN
                                    220 	.globl _CKSWT
                                    221 	.globl _CKDIV
                                    222 	.globl _CAPCON2
                                    223 	.globl _CAPCON1
                                    224 	.globl _CAPCON0
                                    225 	.globl _SFRS
                                    226 	.globl _P1
                                    227 	.globl _WKCON
                                    228 	.globl _CKCON
                                    229 	.globl _TH1
                                    230 	.globl _TH0
                                    231 	.globl _TL1
                                    232 	.globl _TL0
                                    233 	.globl _TMOD
                                    234 	.globl _TCON
                                    235 	.globl _PCON
                                    236 	.globl _RWK
                                    237 	.globl _RCTRIM1
                                    238 	.globl _RCTRIM0
                                    239 	.globl _DPH
                                    240 	.globl _DPL
                                    241 	.globl _SP
                                    242 	.globl _P0
                                    243 	.globl _ADC_Init
                                    244 	.globl _ADC_SelectChannel
                                    245 	.globl _ADC_StartConv
                                    246 	.globl _ADC_IsBusy
                                    247 	.globl _ADC_GetData
                                    248 	.globl _ADC_ClearFlag
                                    249 	.globl _ADC_Enable
                                    250 	.globl _ADC_Disable
                                    251 ;--------------------------------------------------------
                                    252 ; special function registers
                                    253 ;--------------------------------------------------------
                                    254 	.area RSEG    (ABS,DATA)
      000000                        255 	.org 0x0000
                           000080   256 _P0	=	0x0080
                           000081   257 _SP	=	0x0081
                           000082   258 _DPL	=	0x0082
                           000083   259 _DPH	=	0x0083
                           000084   260 _RCTRIM0	=	0x0084
                           000085   261 _RCTRIM1	=	0x0085
                           000086   262 _RWK	=	0x0086
                           000087   263 _PCON	=	0x0087
                           000088   264 _TCON	=	0x0088
                           000089   265 _TMOD	=	0x0089
                           00008A   266 _TL0	=	0x008a
                           00008B   267 _TL1	=	0x008b
                           00008C   268 _TH0	=	0x008c
                           00008D   269 _TH1	=	0x008d
                           00008E   270 _CKCON	=	0x008e
                           00008F   271 _WKCON	=	0x008f
                           000090   272 _P1	=	0x0090
                           000091   273 _SFRS	=	0x0091
                           000092   274 _CAPCON0	=	0x0092
                           000093   275 _CAPCON1	=	0x0093
                           000094   276 _CAPCON2	=	0x0094
                           000095   277 _CKDIV	=	0x0095
                           000096   278 _CKSWT	=	0x0096
                           000097   279 _CKEN	=	0x0097
                           000098   280 _SCON	=	0x0098
                           000099   281 _SBUF	=	0x0099
                           00009A   282 _SBUF_1	=	0x009a
                           00009B   283 _EIE	=	0x009b
                           00009C   284 _EIE1	=	0x009c
                           00009F   285 _CHPCON	=	0x009f
                           0000A0   286 _P2	=	0x00a0
                           0000A2   287 _AUXR1	=	0x00a2
                           0000A3   288 _BODCON0	=	0x00a3
                           0000A4   289 _IAPTRG	=	0x00a4
                           0000A5   290 _IAPUEN	=	0x00a5
                           0000A6   291 _IAPAL	=	0x00a6
                           0000A7   292 _IAPAH	=	0x00a7
                           0000A8   293 _IE	=	0x00a8
                           0000A9   294 _SADDR	=	0x00a9
                           0000AA   295 _WDCON	=	0x00aa
                           0000AB   296 _BODCON1	=	0x00ab
                           0000AC   297 _P3M1	=	0x00ac
                           0000AC   298 _P3S	=	0x00ac
                           0000AD   299 _P3M2	=	0x00ad
                           0000AD   300 _P3SR	=	0x00ad
                           0000AE   301 _IAPFD	=	0x00ae
                           0000AF   302 _IAPCN	=	0x00af
                           0000B0   303 _P3	=	0x00b0
                           0000B1   304 _P0M1	=	0x00b1
                           0000B1   305 _P0S	=	0x00b1
                           0000B2   306 _P0M2	=	0x00b2
                           0000B2   307 _P0SR	=	0x00b2
                           0000B3   308 _P1M1	=	0x00b3
                           0000B3   309 _P1S	=	0x00b3
                           0000B4   310 _P1M2	=	0x00b4
                           0000B4   311 _P1SR	=	0x00b4
                           0000B5   312 _P2S	=	0x00b5
                           0000B7   313 _IPH	=	0x00b7
                           0000B7   314 _PWMINTC	=	0x00b7
                           0000B8   315 _IP	=	0x00b8
                           0000B9   316 _SADEN	=	0x00b9
                           0000BA   317 _SADEN_1	=	0x00ba
                           0000BB   318 _SADDR_1	=	0x00bb
                           0000BC   319 _I2DAT	=	0x00bc
                           0000BD   320 _I2STAT	=	0x00bd
                           0000BE   321 _I2CLK	=	0x00be
                           0000BF   322 _I2TOC	=	0x00bf
                           0000C0   323 _I2CON	=	0x00c0
                           0000C1   324 _I2ADDR	=	0x00c1
                           0000C2   325 _ADCRL	=	0x00c2
                           0000C3   326 _ADCRH	=	0x00c3
                           0000C4   327 _T3CON	=	0x00c4
                           0000C4   328 _PWM4H	=	0x00c4
                           0000C5   329 _RL3	=	0x00c5
                           0000C5   330 _PWM5H	=	0x00c5
                           0000C6   331 _RH3	=	0x00c6
                           0000C6   332 _PIOCON1	=	0x00c6
                           0000C7   333 _TA	=	0x00c7
                           0000C8   334 _T2CON	=	0x00c8
                           0000C9   335 _T2MOD	=	0x00c9
                           0000CA   336 _RCMP2L	=	0x00ca
                           0000CB   337 _RCMP2H	=	0x00cb
                           0000CC   338 _TL2	=	0x00cc
                           0000CC   339 _PWM4L	=	0x00cc
                           0000CD   340 _TH2	=	0x00cd
                           0000CD   341 _PWM5L	=	0x00cd
                           0000CE   342 _ADCMPL	=	0x00ce
                           0000CF   343 _ADCMPH	=	0x00cf
                           0000D0   344 _PSW	=	0x00d0
                           0000D1   345 _PWMPH	=	0x00d1
                           0000D2   346 _PWM0H	=	0x00d2
                           0000D3   347 _PWM1H	=	0x00d3
                           0000D4   348 _PWM2H	=	0x00d4
                           0000D5   349 _PWM3H	=	0x00d5
                           0000D6   350 _PNP	=	0x00d6
                           0000D7   351 _FBD	=	0x00d7
                           0000D8   352 _PWMCON0	=	0x00d8
                           0000D9   353 _PWMPL	=	0x00d9
                           0000DA   354 _PWM0L	=	0x00da
                           0000DB   355 _PWM1L	=	0x00db
                           0000DC   356 _PWM2L	=	0x00dc
                           0000DD   357 _PWM3L	=	0x00dd
                           0000DE   358 _PIOCON0	=	0x00de
                           0000DF   359 _PWMCON1	=	0x00df
                           0000E0   360 _ACC	=	0x00e0
                           0000E1   361 _ADCCON1	=	0x00e1
                           0000E2   362 _ADCCON2	=	0x00e2
                           0000E3   363 _ADCDLY	=	0x00e3
                           0000E4   364 _C0L	=	0x00e4
                           0000E5   365 _C0H	=	0x00e5
                           0000E6   366 _C1L	=	0x00e6
                           0000E7   367 _C1H	=	0x00e7
                           0000E8   368 _ADCCON0	=	0x00e8
                           0000E9   369 _PICON	=	0x00e9
                           0000EA   370 _PINEN	=	0x00ea
                           0000EB   371 _PIPEN	=	0x00eb
                           0000EC   372 _PIF	=	0x00ec
                           0000ED   373 _C2L	=	0x00ed
                           0000EE   374 _C2H	=	0x00ee
                           0000EF   375 _EIP	=	0x00ef
                           0000F0   376 _B	=	0x00f0
                           0000F1   377 _CAPCON3	=	0x00f1
                           0000F2   378 _CAPCON4	=	0x00f2
                           0000F3   379 _SPCR	=	0x00f3
                           0000F3   380 _SPCR2	=	0x00f3
                           0000F4   381 _SPSR	=	0x00f4
                           0000F5   382 _SPDR	=	0x00f5
                           0000F6   383 _AINDIDS	=	0x00f6
                           0000F7   384 _EIPH	=	0x00f7
                           0000F8   385 _SCON_1	=	0x00f8
                           0000F9   386 _PDTEN	=	0x00f9
                           0000FA   387 _PDTCNT	=	0x00fa
                           0000FB   388 _PMEN	=	0x00fb
                           0000FC   389 _PMD	=	0x00fc
                           0000FE   390 _EIP1	=	0x00fe
                           0000FF   391 _EIPH1	=	0x00ff
                                    392 ;--------------------------------------------------------
                                    393 ; special function bits
                                    394 ;--------------------------------------------------------
                                    395 	.area RSEG    (ABS,DATA)
      000000                        396 	.org 0x0000
                           0000FF   397 _SM0_1	=	0x00ff
                           0000FF   398 _FE_1	=	0x00ff
                           0000FE   399 _SM1_1	=	0x00fe
                           0000FD   400 _SM2_1	=	0x00fd
                           0000FC   401 _REN_1	=	0x00fc
                           0000FB   402 _TB8_1	=	0x00fb
                           0000FA   403 _RB8_1	=	0x00fa
                           0000F9   404 _TI_1	=	0x00f9
                           0000F8   405 _RI_1	=	0x00f8
                           0000EF   406 _ADCF	=	0x00ef
                           0000EE   407 _ADCS	=	0x00ee
                           0000ED   408 _ETGSEL1	=	0x00ed
                           0000EC   409 _ETGSEL0	=	0x00ec
                           0000EB   410 _ADCHS3	=	0x00eb
                           0000EA   411 _ADCHS2	=	0x00ea
                           0000E9   412 _ADCHS1	=	0x00e9
                           0000E8   413 _ADCHS0	=	0x00e8
                           0000DF   414 _PWMRUN	=	0x00df
                           0000DE   415 _LOAD	=	0x00de
                           0000DD   416 _PWMF	=	0x00dd
                           0000DC   417 _CLRPWM	=	0x00dc
                           0000D7   418 _CY	=	0x00d7
                           0000D6   419 _AC	=	0x00d6
                           0000D5   420 _F0	=	0x00d5
                           0000D4   421 _RS1	=	0x00d4
                           0000D3   422 _RS0	=	0x00d3
                           0000D2   423 _OV	=	0x00d2
                           0000D0   424 _P	=	0x00d0
                           0000CF   425 _TF2	=	0x00cf
                           0000CA   426 _TR2	=	0x00ca
                           0000C8   427 _CM_RL2	=	0x00c8
                           0000C6   428 _I2CEN	=	0x00c6
                           0000C5   429 _STA	=	0x00c5
                           0000C4   430 _STO	=	0x00c4
                           0000C3   431 _SI	=	0x00c3
                           0000C2   432 _AA	=	0x00c2
                           0000C0   433 _I2CPX	=	0x00c0
                           0000BE   434 _PADC	=	0x00be
                           0000BD   435 _PBOD	=	0x00bd
                           0000BC   436 _PS	=	0x00bc
                           0000BB   437 _PT1	=	0x00bb
                           0000BA   438 _PX1	=	0x00ba
                           0000B9   439 _PT0	=	0x00b9
                           0000B8   440 _PX0	=	0x00b8
                           0000B0   441 _P30	=	0x00b0
                           0000AF   442 _EA	=	0x00af
                           0000AE   443 _EADC	=	0x00ae
                           0000AD   444 _EBOD	=	0x00ad
                           0000AC   445 _ES	=	0x00ac
                           0000AB   446 _ET1	=	0x00ab
                           0000AA   447 _EX1	=	0x00aa
                           0000A9   448 _ET0	=	0x00a9
                           0000A8   449 _EX0	=	0x00a8
                           0000A0   450 _P20	=	0x00a0
                           00009F   451 _SM0	=	0x009f
                           00009F   452 _FE	=	0x009f
                           00009E   453 _SM1	=	0x009e
                           00009D   454 _SM2	=	0x009d
                           00009C   455 _REN	=	0x009c
                           00009B   456 _TB8	=	0x009b
                           00009A   457 _RB8	=	0x009a
                           000099   458 _TI	=	0x0099
                           000098   459 _RI	=	0x0098
                           000097   460 _P17	=	0x0097
                           000096   461 _P16	=	0x0096
                           000096   462 _TXD_1	=	0x0096
                           000095   463 _P15	=	0x0095
                           000094   464 _P14	=	0x0094
                           000094   465 _SDA	=	0x0094
                           000093   466 _P13	=	0x0093
                           000093   467 _SCL	=	0x0093
                           000092   468 _P12	=	0x0092
                           000091   469 _P11	=	0x0091
                           000090   470 _P10	=	0x0090
                           00008F   471 _TF1	=	0x008f
                           00008E   472 _TR1	=	0x008e
                           00008D   473 _TF0	=	0x008d
                           00008C   474 _TR0	=	0x008c
                           00008B   475 _IE1	=	0x008b
                           00008A   476 _IT1	=	0x008a
                           000089   477 _IE0	=	0x0089
                           000088   478 _IT0	=	0x0088
                           000087   479 _P07	=	0x0087
                           000087   480 _RXD	=	0x0087
                           000086   481 _P06	=	0x0086
                           000086   482 _TXD	=	0x0086
                           000085   483 _P05	=	0x0085
                           000084   484 _P04	=	0x0084
                           000084   485 _STADC	=	0x0084
                           000083   486 _P03	=	0x0083
                           000082   487 _P02	=	0x0082
                           000082   488 _RXD_1	=	0x0082
                           000081   489 _P01	=	0x0081
                           000081   490 _MISO	=	0x0081
                           000080   491 _P00	=	0x0080
                           000080   492 _MOSI	=	0x0080
                                    493 ;--------------------------------------------------------
                                    494 ; overlayable register banks
                                    495 ;--------------------------------------------------------
                                    496 	.area REG_BANK_0	(REL,OVR,DATA)
      000000                        497 	.ds 8
                                    498 ;--------------------------------------------------------
                                    499 ; internal ram data
                                    500 ;--------------------------------------------------------
                                    501 	.area DSEG    (DATA)
                                    502 ;--------------------------------------------------------
                                    503 ; overlayable items in internal ram
                                    504 ;--------------------------------------------------------
                                    505 	.area	OSEG    (OVR,DATA)
                                    506 ;--------------------------------------------------------
                                    507 ; indirectly addressable internal ram data
                                    508 ;--------------------------------------------------------
                                    509 	.area ISEG    (DATA)
                                    510 ;--------------------------------------------------------
                                    511 ; absolute internal ram data
                                    512 ;--------------------------------------------------------
                                    513 	.area IABS    (ABS,DATA)
                                    514 	.area IABS    (ABS,DATA)
                                    515 ;--------------------------------------------------------
                                    516 ; bit data
                                    517 ;--------------------------------------------------------
                                    518 	.area BSEG    (BIT)
                                    519 ;--------------------------------------------------------
                                    520 ; paged external ram data
                                    521 ;--------------------------------------------------------
                                    522 	.area PSEG    (PAG,XDATA)
                                    523 ;--------------------------------------------------------
                                    524 ; uninitialized external ram data
                                    525 ;--------------------------------------------------------
                                    526 	.area XSEG    (XDATA)
                                    527 ;--------------------------------------------------------
                                    528 ; absolute external ram data
                                    529 ;--------------------------------------------------------
                                    530 	.area XABS    (ABS,XDATA)
                                    531 ;--------------------------------------------------------
                                    532 ; initialized external ram data
                                    533 ;--------------------------------------------------------
                                    534 	.area XISEG   (XDATA)
                                    535 	.area HOME    (CODE)
                                    536 	.area GSINIT0 (CODE)
                                    537 	.area GSINIT1 (CODE)
                                    538 	.area GSINIT2 (CODE)
                                    539 	.area GSINIT3 (CODE)
                                    540 	.area GSINIT4 (CODE)
                                    541 	.area GSINIT5 (CODE)
                                    542 	.area GSINIT  (CODE)
                                    543 	.area GSFINAL (CODE)
                                    544 	.area CSEG    (CODE)
                                    545 ;--------------------------------------------------------
                                    546 ; global & static initialisations
                                    547 ;--------------------------------------------------------
                                    548 	.area HOME    (CODE)
                                    549 	.area GSINIT  (CODE)
                                    550 	.area GSFINAL (CODE)
                                    551 	.area GSINIT  (CODE)
                                    552 ;--------------------------------------------------------
                                    553 ; Home
                                    554 ;--------------------------------------------------------
                                    555 	.area HOME    (CODE)
                                    556 	.area HOME    (CODE)
                                    557 ;--------------------------------------------------------
                                    558 ; code
                                    559 ;--------------------------------------------------------
                                    560 	.area CSEG    (CODE)
                                    561 ;------------------------------------------------------------
                                    562 ;Allocation info for local variables in function 'ADC_Init'
                                    563 ;------------------------------------------------------------
                                    564 ;	lib/src/adc.c:5: void ADC_Init(void)
                                    565 ;	-----------------------------------------
                                    566 ;	 function ADC_Init
                                    567 ;	-----------------------------------------
      000000                        568 _ADC_Init:
                           000007   569 	ar7 = 0x07
                           000006   570 	ar6 = 0x06
                           000005   571 	ar5 = 0x05
                           000004   572 	ar4 = 0x04
                           000003   573 	ar3 = 0x03
                           000002   574 	ar2 = 0x02
                           000001   575 	ar1 = 0x01
                           000000   576 	ar0 = 0x00
                                    577 ;	lib/src/adc.c:7: ADCCON1 |= (1 << 0);
      000000 43 E1 01         [24]  578 	orl	_ADCCON1,#0x01
                                    579 ;	lib/src/adc.c:9: ADCCON1 &= ~(0x30);
      000003 53 E1 CF         [24]  580 	anl	_ADCCON1,#0xcf
                                    581 ;	lib/src/adc.c:10: ADCCON1 |= 0x30;
      000006 43 E1 30         [24]  582 	orl	_ADCCON1,#0x30
                                    583 ;	lib/src/adc.c:12: P0M1 |= (1 << 5);
      000009 43 B1 20         [24]  584 	orl	_P0M1,#0x20
                                    585 ;	lib/src/adc.c:13: P0M2 &= ~(1 << 5);
      00000C 53 B2 DF         [24]  586 	anl	_P0M2,#0xdf
                                    587 ;	lib/src/adc.c:14: AINDIDS |= (1 << 4);
      00000F 43 F6 10         [24]  588 	orl	_AINDIDS,#0x10
                                    589 ;	lib/src/adc.c:15: }
      000012 22               [24]  590 	ret
                                    591 ;------------------------------------------------------------
                                    592 ;Allocation info for local variables in function 'ADC_SelectChannel'
                                    593 ;------------------------------------------------------------
                                    594 ;u8Channel                 Allocated to registers r7 
                                    595 ;------------------------------------------------------------
                                    596 ;	lib/src/adc.c:17: void ADC_SelectChannel(uint8_t u8Channel)
                                    597 ;	-----------------------------------------
                                    598 ;	 function ADC_SelectChannel
                                    599 ;	-----------------------------------------
      000013                        600 _ADC_SelectChannel:
      000013 AF 82            [24]  601 	mov	r7,dpl
                                    602 ;	lib/src/adc.c:19: ADCCON0 &= ~(0x0F);
      000015 53 E8 F0         [24]  603 	anl	_ADCCON0,#0xf0
                                    604 ;	lib/src/adc.c:20: ADCCON0 |= (u8Channel & 0x07);
      000018 53 07 07         [24]  605 	anl	ar7,#0x07
      00001B EF               [12]  606 	mov	a,r7
      00001C 42 E8            [12]  607 	orl	_ADCCON0,a
                                    608 ;	lib/src/adc.c:21: }
      00001E 22               [24]  609 	ret
                                    610 ;------------------------------------------------------------
                                    611 ;Allocation info for local variables in function 'ADC_StartConv'
                                    612 ;------------------------------------------------------------
                                    613 ;	lib/src/adc.c:23: void ADC_StartConv(void)
                                    614 ;	-----------------------------------------
                                    615 ;	 function ADC_StartConv
                                    616 ;	-----------------------------------------
      00001F                        617 _ADC_StartConv:
                                    618 ;	lib/src/adc.c:25: ADCS = 1;
                                    619 ;	assignBit
      00001F D2 EE            [12]  620 	setb	_ADCS
                                    621 ;	lib/src/adc.c:26: }
      000021 22               [24]  622 	ret
                                    623 ;------------------------------------------------------------
                                    624 ;Allocation info for local variables in function 'ADC_IsBusy'
                                    625 ;------------------------------------------------------------
                                    626 ;	lib/src/adc.c:28: uint8_t ADC_IsBusy(void)
                                    627 ;	-----------------------------------------
                                    628 ;	 function ADC_IsBusy
                                    629 ;	-----------------------------------------
      000022                        630 _ADC_IsBusy:
                                    631 ;	lib/src/adc.c:30: return ADCS;
      000022 A2 EE            [12]  632 	mov	c,_ADCS
      000024 E4               [12]  633 	clr	a
      000025 33               [12]  634 	rlc	a
      000026 F5 82            [12]  635 	mov	dpl,a
                                    636 ;	lib/src/adc.c:31: }
      000028 22               [24]  637 	ret
                                    638 ;------------------------------------------------------------
                                    639 ;Allocation info for local variables in function 'ADC_GetData'
                                    640 ;------------------------------------------------------------
                                    641 ;	lib/src/adc.c:33: uint16_t ADC_GetData(void)
                                    642 ;	-----------------------------------------
                                    643 ;	 function ADC_GetData
                                    644 ;	-----------------------------------------
      000029                        645 _ADC_GetData:
                                    646 ;	lib/src/adc.c:35: return (ADCRH * 16 + (ADCRL & 0x0F));
      000029 AE C3            [24]  647 	mov	r6,_ADCRH
      00002B E4               [12]  648 	clr	a
      00002C C4               [12]  649 	swap	a
      00002D 54 F0            [12]  650 	anl	a,#0xf0
      00002F CE               [12]  651 	xch	a,r6
      000030 C4               [12]  652 	swap	a
      000031 CE               [12]  653 	xch	a,r6
      000032 6E               [12]  654 	xrl	a,r6
      000033 CE               [12]  655 	xch	a,r6
      000034 54 F0            [12]  656 	anl	a,#0xf0
      000036 CE               [12]  657 	xch	a,r6
      000037 6E               [12]  658 	xrl	a,r6
      000038 FF               [12]  659 	mov	r7,a
      000039 AC C2            [24]  660 	mov	r4,_ADCRL
      00003B 53 04 0F         [24]  661 	anl	ar4,#0x0f
      00003E 7D 00            [12]  662 	mov	r5,#0x00
      000040 EC               [12]  663 	mov	a,r4
      000041 2E               [12]  664 	add	a,r6
      000042 FE               [12]  665 	mov	r6,a
      000043 ED               [12]  666 	mov	a,r5
      000044 3F               [12]  667 	addc	a,r7
                                    668 ;	lib/src/adc.c:36: }
      000045 8E 82            [24]  669 	mov	dpl,r6
      000047 F5 83            [12]  670 	mov	dph,a
      000049 22               [24]  671 	ret
                                    672 ;------------------------------------------------------------
                                    673 ;Allocation info for local variables in function 'ADC_ClearFlag'
                                    674 ;------------------------------------------------------------
                                    675 ;	lib/src/adc.c:38: void ADC_ClearFlag(void)
                                    676 ;	-----------------------------------------
                                    677 ;	 function ADC_ClearFlag
                                    678 ;	-----------------------------------------
      00004A                        679 _ADC_ClearFlag:
                                    680 ;	lib/src/adc.c:40: ADCF = 0;
                                    681 ;	assignBit
      00004A C2 EF            [12]  682 	clr	_ADCF
                                    683 ;	lib/src/adc.c:41: }
      00004C 22               [24]  684 	ret
                                    685 ;------------------------------------------------------------
                                    686 ;Allocation info for local variables in function 'ADC_Enable'
                                    687 ;------------------------------------------------------------
                                    688 ;	lib/src/adc.c:43: void ADC_Enable(void)
                                    689 ;	-----------------------------------------
                                    690 ;	 function ADC_Enable
                                    691 ;	-----------------------------------------
      00004D                        692 _ADC_Enable:
                                    693 ;	lib/src/adc.c:45: ADCCON1 |= (1 << 0);
      00004D 43 E1 01         [24]  694 	orl	_ADCCON1,#0x01
                                    695 ;	lib/src/adc.c:46: }
      000050 22               [24]  696 	ret
                                    697 ;------------------------------------------------------------
                                    698 ;Allocation info for local variables in function 'ADC_Disable'
                                    699 ;------------------------------------------------------------
                                    700 ;	lib/src/adc.c:48: void ADC_Disable(void)
                                    701 ;	-----------------------------------------
                                    702 ;	 function ADC_Disable
                                    703 ;	-----------------------------------------
      000051                        704 _ADC_Disable:
                                    705 ;	lib/src/adc.c:50: ADCCON1 &= ~(1 << 0);
      000051 53 E1 FE         [24]  706 	anl	_ADCCON1,#0xfe
                                    707 ;	lib/src/adc.c:51: }
      000054 22               [24]  708 	ret
                                    709 	.area CSEG    (CODE)
                                    710 	.area CONST   (CODE)
                                    711 	.area XINIT   (CODE)
                                    712 	.area CABS    (ABS,CODE)
