                                      1 ;--------------------------------------------------------
                                      2 ; File Created by SDCC : free open source ISO C Compiler 
                                      3 ; Version 4.3.0 #14184 (MINGW64)
                                      4 ;--------------------------------------------------------
                                      5 	.module uart0
                                      6 	.optsdcc -mmcs51 --model-small
                                      7 	
                                      8 ;--------------------------------------------------------
                                      9 ; Public variables in this module
                                     10 ;--------------------------------------------------------
                                     11 	.globl _MOSI
                                     12 	.globl _P00
                                     13 	.globl _MISO
                                     14 	.globl _P01
                                     15 	.globl _RXD_1
                                     16 	.globl _P02
                                     17 	.globl _P03
                                     18 	.globl _STADC
                                     19 	.globl _P04
                                     20 	.globl _P05
                                     21 	.globl _TXD
                                     22 	.globl _P06
                                     23 	.globl _RXD
                                     24 	.globl _P07
                                     25 	.globl _IT0
                                     26 	.globl _IE0
                                     27 	.globl _IT1
                                     28 	.globl _IE1
                                     29 	.globl _TR0
                                     30 	.globl _TF0
                                     31 	.globl _TR1
                                     32 	.globl _TF1
                                     33 	.globl _P10
                                     34 	.globl _P11
                                     35 	.globl _P12
                                     36 	.globl _SCL
                                     37 	.globl _P13
                                     38 	.globl _SDA
                                     39 	.globl _P14
                                     40 	.globl _P15
                                     41 	.globl _TXD_1
                                     42 	.globl _P16
                                     43 	.globl _P17
                                     44 	.globl _RI
                                     45 	.globl _TI
                                     46 	.globl _RB8
                                     47 	.globl _TB8
                                     48 	.globl _REN
                                     49 	.globl _SM2
                                     50 	.globl _SM1
                                     51 	.globl _FE
                                     52 	.globl _SM0
                                     53 	.globl _P20
                                     54 	.globl _EX0
                                     55 	.globl _ET0
                                     56 	.globl _EX1
                                     57 	.globl _ET1
                                     58 	.globl _ES
                                     59 	.globl _EBOD
                                     60 	.globl _EADC
                                     61 	.globl _EA
                                     62 	.globl _P30
                                     63 	.globl _PX0
                                     64 	.globl _PT0
                                     65 	.globl _PX1
                                     66 	.globl _PT1
                                     67 	.globl _PS
                                     68 	.globl _PBOD
                                     69 	.globl _PADC
                                     70 	.globl _I2CPX
                                     71 	.globl _AA
                                     72 	.globl _SI
                                     73 	.globl _STO
                                     74 	.globl _STA
                                     75 	.globl _I2CEN
                                     76 	.globl _CM_RL2
                                     77 	.globl _TR2
                                     78 	.globl _TF2
                                     79 	.globl _P
                                     80 	.globl _OV
                                     81 	.globl _RS0
                                     82 	.globl _RS1
                                     83 	.globl _F0
                                     84 	.globl _AC
                                     85 	.globl _CY
                                     86 	.globl _CLRPWM
                                     87 	.globl _PWMF
                                     88 	.globl _LOAD
                                     89 	.globl _PWMRUN
                                     90 	.globl _ADCHS0
                                     91 	.globl _ADCHS1
                                     92 	.globl _ADCHS2
                                     93 	.globl _ADCHS3
                                     94 	.globl _ETGSEL0
                                     95 	.globl _ETGSEL1
                                     96 	.globl _ADCS
                                     97 	.globl _ADCF
                                     98 	.globl _RI_1
                                     99 	.globl _TI_1
                                    100 	.globl _RB8_1
                                    101 	.globl _TB8_1
                                    102 	.globl _REN_1
                                    103 	.globl _SM2_1
                                    104 	.globl _SM1_1
                                    105 	.globl _FE_1
                                    106 	.globl _SM0_1
                                    107 	.globl _EIPH1
                                    108 	.globl _EIP1
                                    109 	.globl _PMD
                                    110 	.globl _PMEN
                                    111 	.globl _PDTCNT
                                    112 	.globl _PDTEN
                                    113 	.globl _SCON_1
                                    114 	.globl _EIPH
                                    115 	.globl _AINDIDS
                                    116 	.globl _SPDR
                                    117 	.globl _SPSR
                                    118 	.globl _SPCR2
                                    119 	.globl _SPCR
                                    120 	.globl _CAPCON4
                                    121 	.globl _CAPCON3
                                    122 	.globl _B
                                    123 	.globl _EIP
                                    124 	.globl _C2H
                                    125 	.globl _C2L
                                    126 	.globl _PIF
                                    127 	.globl _PIPEN
                                    128 	.globl _PINEN
                                    129 	.globl _PICON
                                    130 	.globl _ADCCON0
                                    131 	.globl _C1H
                                    132 	.globl _C1L
                                    133 	.globl _C0H
                                    134 	.globl _C0L
                                    135 	.globl _ADCDLY
                                    136 	.globl _ADCCON2
                                    137 	.globl _ADCCON1
                                    138 	.globl _ACC
                                    139 	.globl _PWMCON1
                                    140 	.globl _PIOCON0
                                    141 	.globl _PWM3L
                                    142 	.globl _PWM2L
                                    143 	.globl _PWM1L
                                    144 	.globl _PWM0L
                                    145 	.globl _PWMPL
                                    146 	.globl _PWMCON0
                                    147 	.globl _FBD
                                    148 	.globl _PNP
                                    149 	.globl _PWM3H
                                    150 	.globl _PWM2H
                                    151 	.globl _PWM1H
                                    152 	.globl _PWM0H
                                    153 	.globl _PWMPH
                                    154 	.globl _PSW
                                    155 	.globl _ADCMPH
                                    156 	.globl _ADCMPL
                                    157 	.globl _PWM5L
                                    158 	.globl _TH2
                                    159 	.globl _PWM4L
                                    160 	.globl _TL2
                                    161 	.globl _RCMP2H
                                    162 	.globl _RCMP2L
                                    163 	.globl _T2MOD
                                    164 	.globl _T2CON
                                    165 	.globl _TA
                                    166 	.globl _PIOCON1
                                    167 	.globl _RH3
                                    168 	.globl _PWM5H
                                    169 	.globl _RL3
                                    170 	.globl _PWM4H
                                    171 	.globl _T3CON
                                    172 	.globl _ADCRH
                                    173 	.globl _ADCRL
                                    174 	.globl _I2ADDR
                                    175 	.globl _I2CON
                                    176 	.globl _I2TOC
                                    177 	.globl _I2CLK
                                    178 	.globl _I2STAT
                                    179 	.globl _I2DAT
                                    180 	.globl _SADDR_1
                                    181 	.globl _SADEN_1
                                    182 	.globl _SADEN
                                    183 	.globl _IP
                                    184 	.globl _PWMINTC
                                    185 	.globl _IPH
                                    186 	.globl _P2S
                                    187 	.globl _P1SR
                                    188 	.globl _P1M2
                                    189 	.globl _P1S
                                    190 	.globl _P1M1
                                    191 	.globl _P0SR
                                    192 	.globl _P0M2
                                    193 	.globl _P0S
                                    194 	.globl _P0M1
                                    195 	.globl _P3
                                    196 	.globl _IAPCN
                                    197 	.globl _IAPFD
                                    198 	.globl _P3SR
                                    199 	.globl _P3M2
                                    200 	.globl _P3S
                                    201 	.globl _P3M1
                                    202 	.globl _BODCON1
                                    203 	.globl _WDCON
                                    204 	.globl _SADDR
                                    205 	.globl _IE
                                    206 	.globl _IAPAH
                                    207 	.globl _IAPAL
                                    208 	.globl _IAPUEN
                                    209 	.globl _IAPTRG
                                    210 	.globl _BODCON0
                                    211 	.globl _AUXR1
                                    212 	.globl _P2
                                    213 	.globl _CHPCON
                                    214 	.globl _EIE1
                                    215 	.globl _EIE
                                    216 	.globl _SBUF_1
                                    217 	.globl _SBUF
                                    218 	.globl _SCON
                                    219 	.globl _CKEN
                                    220 	.globl _CKSWT
                                    221 	.globl _CKDIV
                                    222 	.globl _CAPCON2
                                    223 	.globl _CAPCON1
                                    224 	.globl _CAPCON0
                                    225 	.globl _SFRS
                                    226 	.globl _P1
                                    227 	.globl _WKCON
                                    228 	.globl _CKCON
                                    229 	.globl _TH1
                                    230 	.globl _TH0
                                    231 	.globl _TL1
                                    232 	.globl _TL0
                                    233 	.globl _TMOD
                                    234 	.globl _TCON
                                    235 	.globl _PCON
                                    236 	.globl _RWK
                                    237 	.globl _RCTRIM1
                                    238 	.globl _RCTRIM0
                                    239 	.globl _DPH
                                    240 	.globl _DPL
                                    241 	.globl _SP
                                    242 	.globl _P0
                                    243 	.globl _UART0_Init
                                    244 	.globl _UART0_SendData
                                    245 	.globl _UART0_GetData
                                    246 	.globl _UART0_EnableInterrupt
                                    247 	.globl _UART0_DisableInterrupt
                                    248 	.globl _UART0_ClearFlag
                                    249 	.globl _UART0_GetFlag
                                    250 	.globl _UART0_STRING
                                    251 	.globl _UART0_NLINE
                                    252 	.globl _UART0_NUMBER
                                    253 ;--------------------------------------------------------
                                    254 ; special function registers
                                    255 ;--------------------------------------------------------
                                    256 	.area RSEG    (ABS,DATA)
      000000                        257 	.org 0x0000
                           000080   258 _P0	=	0x0080
                           000081   259 _SP	=	0x0081
                           000082   260 _DPL	=	0x0082
                           000083   261 _DPH	=	0x0083
                           000084   262 _RCTRIM0	=	0x0084
                           000085   263 _RCTRIM1	=	0x0085
                           000086   264 _RWK	=	0x0086
                           000087   265 _PCON	=	0x0087
                           000088   266 _TCON	=	0x0088
                           000089   267 _TMOD	=	0x0089
                           00008A   268 _TL0	=	0x008a
                           00008B   269 _TL1	=	0x008b
                           00008C   270 _TH0	=	0x008c
                           00008D   271 _TH1	=	0x008d
                           00008E   272 _CKCON	=	0x008e
                           00008F   273 _WKCON	=	0x008f
                           000090   274 _P1	=	0x0090
                           000091   275 _SFRS	=	0x0091
                           000092   276 _CAPCON0	=	0x0092
                           000093   277 _CAPCON1	=	0x0093
                           000094   278 _CAPCON2	=	0x0094
                           000095   279 _CKDIV	=	0x0095
                           000096   280 _CKSWT	=	0x0096
                           000097   281 _CKEN	=	0x0097
                           000098   282 _SCON	=	0x0098
                           000099   283 _SBUF	=	0x0099
                           00009A   284 _SBUF_1	=	0x009a
                           00009B   285 _EIE	=	0x009b
                           00009C   286 _EIE1	=	0x009c
                           00009F   287 _CHPCON	=	0x009f
                           0000A0   288 _P2	=	0x00a0
                           0000A2   289 _AUXR1	=	0x00a2
                           0000A3   290 _BODCON0	=	0x00a3
                           0000A4   291 _IAPTRG	=	0x00a4
                           0000A5   292 _IAPUEN	=	0x00a5
                           0000A6   293 _IAPAL	=	0x00a6
                           0000A7   294 _IAPAH	=	0x00a7
                           0000A8   295 _IE	=	0x00a8
                           0000A9   296 _SADDR	=	0x00a9
                           0000AA   297 _WDCON	=	0x00aa
                           0000AB   298 _BODCON1	=	0x00ab
                           0000AC   299 _P3M1	=	0x00ac
                           0000AC   300 _P3S	=	0x00ac
                           0000AD   301 _P3M2	=	0x00ad
                           0000AD   302 _P3SR	=	0x00ad
                           0000AE   303 _IAPFD	=	0x00ae
                           0000AF   304 _IAPCN	=	0x00af
                           0000B0   305 _P3	=	0x00b0
                           0000B1   306 _P0M1	=	0x00b1
                           0000B1   307 _P0S	=	0x00b1
                           0000B2   308 _P0M2	=	0x00b2
                           0000B2   309 _P0SR	=	0x00b2
                           0000B3   310 _P1M1	=	0x00b3
                           0000B3   311 _P1S	=	0x00b3
                           0000B4   312 _P1M2	=	0x00b4
                           0000B4   313 _P1SR	=	0x00b4
                           0000B5   314 _P2S	=	0x00b5
                           0000B7   315 _IPH	=	0x00b7
                           0000B7   316 _PWMINTC	=	0x00b7
                           0000B8   317 _IP	=	0x00b8
                           0000B9   318 _SADEN	=	0x00b9
                           0000BA   319 _SADEN_1	=	0x00ba
                           0000BB   320 _SADDR_1	=	0x00bb
                           0000BC   321 _I2DAT	=	0x00bc
                           0000BD   322 _I2STAT	=	0x00bd
                           0000BE   323 _I2CLK	=	0x00be
                           0000BF   324 _I2TOC	=	0x00bf
                           0000C0   325 _I2CON	=	0x00c0
                           0000C1   326 _I2ADDR	=	0x00c1
                           0000C2   327 _ADCRL	=	0x00c2
                           0000C3   328 _ADCRH	=	0x00c3
                           0000C4   329 _T3CON	=	0x00c4
                           0000C4   330 _PWM4H	=	0x00c4
                           0000C5   331 _RL3	=	0x00c5
                           0000C5   332 _PWM5H	=	0x00c5
                           0000C6   333 _RH3	=	0x00c6
                           0000C6   334 _PIOCON1	=	0x00c6
                           0000C7   335 _TA	=	0x00c7
                           0000C8   336 _T2CON	=	0x00c8
                           0000C9   337 _T2MOD	=	0x00c9
                           0000CA   338 _RCMP2L	=	0x00ca
                           0000CB   339 _RCMP2H	=	0x00cb
                           0000CC   340 _TL2	=	0x00cc
                           0000CC   341 _PWM4L	=	0x00cc
                           0000CD   342 _TH2	=	0x00cd
                           0000CD   343 _PWM5L	=	0x00cd
                           0000CE   344 _ADCMPL	=	0x00ce
                           0000CF   345 _ADCMPH	=	0x00cf
                           0000D0   346 _PSW	=	0x00d0
                           0000D1   347 _PWMPH	=	0x00d1
                           0000D2   348 _PWM0H	=	0x00d2
                           0000D3   349 _PWM1H	=	0x00d3
                           0000D4   350 _PWM2H	=	0x00d4
                           0000D5   351 _PWM3H	=	0x00d5
                           0000D6   352 _PNP	=	0x00d6
                           0000D7   353 _FBD	=	0x00d7
                           0000D8   354 _PWMCON0	=	0x00d8
                           0000D9   355 _PWMPL	=	0x00d9
                           0000DA   356 _PWM0L	=	0x00da
                           0000DB   357 _PWM1L	=	0x00db
                           0000DC   358 _PWM2L	=	0x00dc
                           0000DD   359 _PWM3L	=	0x00dd
                           0000DE   360 _PIOCON0	=	0x00de
                           0000DF   361 _PWMCON1	=	0x00df
                           0000E0   362 _ACC	=	0x00e0
                           0000E1   363 _ADCCON1	=	0x00e1
                           0000E2   364 _ADCCON2	=	0x00e2
                           0000E3   365 _ADCDLY	=	0x00e3
                           0000E4   366 _C0L	=	0x00e4
                           0000E5   367 _C0H	=	0x00e5
                           0000E6   368 _C1L	=	0x00e6
                           0000E7   369 _C1H	=	0x00e7
                           0000E8   370 _ADCCON0	=	0x00e8
                           0000E9   371 _PICON	=	0x00e9
                           0000EA   372 _PINEN	=	0x00ea
                           0000EB   373 _PIPEN	=	0x00eb
                           0000EC   374 _PIF	=	0x00ec
                           0000ED   375 _C2L	=	0x00ed
                           0000EE   376 _C2H	=	0x00ee
                           0000EF   377 _EIP	=	0x00ef
                           0000F0   378 _B	=	0x00f0
                           0000F1   379 _CAPCON3	=	0x00f1
                           0000F2   380 _CAPCON4	=	0x00f2
                           0000F3   381 _SPCR	=	0x00f3
                           0000F3   382 _SPCR2	=	0x00f3
                           0000F4   383 _SPSR	=	0x00f4
                           0000F5   384 _SPDR	=	0x00f5
                           0000F6   385 _AINDIDS	=	0x00f6
                           0000F7   386 _EIPH	=	0x00f7
                           0000F8   387 _SCON_1	=	0x00f8
                           0000F9   388 _PDTEN	=	0x00f9
                           0000FA   389 _PDTCNT	=	0x00fa
                           0000FB   390 _PMEN	=	0x00fb
                           0000FC   391 _PMD	=	0x00fc
                           0000FE   392 _EIP1	=	0x00fe
                           0000FF   393 _EIPH1	=	0x00ff
                                    394 ;--------------------------------------------------------
                                    395 ; special function bits
                                    396 ;--------------------------------------------------------
                                    397 	.area RSEG    (ABS,DATA)
      000000                        398 	.org 0x0000
                           0000FF   399 _SM0_1	=	0x00ff
                           0000FF   400 _FE_1	=	0x00ff
                           0000FE   401 _SM1_1	=	0x00fe
                           0000FD   402 _SM2_1	=	0x00fd
                           0000FC   403 _REN_1	=	0x00fc
                           0000FB   404 _TB8_1	=	0x00fb
                           0000FA   405 _RB8_1	=	0x00fa
                           0000F9   406 _TI_1	=	0x00f9
                           0000F8   407 _RI_1	=	0x00f8
                           0000EF   408 _ADCF	=	0x00ef
                           0000EE   409 _ADCS	=	0x00ee
                           0000ED   410 _ETGSEL1	=	0x00ed
                           0000EC   411 _ETGSEL0	=	0x00ec
                           0000EB   412 _ADCHS3	=	0x00eb
                           0000EA   413 _ADCHS2	=	0x00ea
                           0000E9   414 _ADCHS1	=	0x00e9
                           0000E8   415 _ADCHS0	=	0x00e8
                           0000DF   416 _PWMRUN	=	0x00df
                           0000DE   417 _LOAD	=	0x00de
                           0000DD   418 _PWMF	=	0x00dd
                           0000DC   419 _CLRPWM	=	0x00dc
                           0000D7   420 _CY	=	0x00d7
                           0000D6   421 _AC	=	0x00d6
                           0000D5   422 _F0	=	0x00d5
                           0000D4   423 _RS1	=	0x00d4
                           0000D3   424 _RS0	=	0x00d3
                           0000D2   425 _OV	=	0x00d2
                           0000D0   426 _P	=	0x00d0
                           0000CF   427 _TF2	=	0x00cf
                           0000CA   428 _TR2	=	0x00ca
                           0000C8   429 _CM_RL2	=	0x00c8
                           0000C6   430 _I2CEN	=	0x00c6
                           0000C5   431 _STA	=	0x00c5
                           0000C4   432 _STO	=	0x00c4
                           0000C3   433 _SI	=	0x00c3
                           0000C2   434 _AA	=	0x00c2
                           0000C0   435 _I2CPX	=	0x00c0
                           0000BE   436 _PADC	=	0x00be
                           0000BD   437 _PBOD	=	0x00bd
                           0000BC   438 _PS	=	0x00bc
                           0000BB   439 _PT1	=	0x00bb
                           0000BA   440 _PX1	=	0x00ba
                           0000B9   441 _PT0	=	0x00b9
                           0000B8   442 _PX0	=	0x00b8
                           0000B0   443 _P30	=	0x00b0
                           0000AF   444 _EA	=	0x00af
                           0000AE   445 _EADC	=	0x00ae
                           0000AD   446 _EBOD	=	0x00ad
                           0000AC   447 _ES	=	0x00ac
                           0000AB   448 _ET1	=	0x00ab
                           0000AA   449 _EX1	=	0x00aa
                           0000A9   450 _ET0	=	0x00a9
                           0000A8   451 _EX0	=	0x00a8
                           0000A0   452 _P20	=	0x00a0
                           00009F   453 _SM0	=	0x009f
                           00009F   454 _FE	=	0x009f
                           00009E   455 _SM1	=	0x009e
                           00009D   456 _SM2	=	0x009d
                           00009C   457 _REN	=	0x009c
                           00009B   458 _TB8	=	0x009b
                           00009A   459 _RB8	=	0x009a
                           000099   460 _TI	=	0x0099
                           000098   461 _RI	=	0x0098
                           000097   462 _P17	=	0x0097
                           000096   463 _P16	=	0x0096
                           000096   464 _TXD_1	=	0x0096
                           000095   465 _P15	=	0x0095
                           000094   466 _P14	=	0x0094
                           000094   467 _SDA	=	0x0094
                           000093   468 _P13	=	0x0093
                           000093   469 _SCL	=	0x0093
                           000092   470 _P12	=	0x0092
                           000091   471 _P11	=	0x0091
                           000090   472 _P10	=	0x0090
                           00008F   473 _TF1	=	0x008f
                           00008E   474 _TR1	=	0x008e
                           00008D   475 _TF0	=	0x008d
                           00008C   476 _TR0	=	0x008c
                           00008B   477 _IE1	=	0x008b
                           00008A   478 _IT1	=	0x008a
                           000089   479 _IE0	=	0x0089
                           000088   480 _IT0	=	0x0088
                           000087   481 _P07	=	0x0087
                           000087   482 _RXD	=	0x0087
                           000086   483 _P06	=	0x0086
                           000086   484 _TXD	=	0x0086
                           000085   485 _P05	=	0x0085
                           000084   486 _P04	=	0x0084
                           000084   487 _STADC	=	0x0084
                           000083   488 _P03	=	0x0083
                           000082   489 _P02	=	0x0082
                           000082   490 _RXD_1	=	0x0082
                           000081   491 _P01	=	0x0081
                           000081   492 _MISO	=	0x0081
                           000080   493 _P00	=	0x0080
                           000080   494 _MOSI	=	0x0080
                                    495 ;--------------------------------------------------------
                                    496 ; overlayable register banks
                                    497 ;--------------------------------------------------------
                                    498 	.area REG_BANK_0	(REL,OVR,DATA)
      000000                        499 	.ds 8
                                    500 ;--------------------------------------------------------
                                    501 ; internal ram data
                                    502 ;--------------------------------------------------------
                                    503 	.area DSEG    (DATA)
      000000                        504 _UART0_NUMBER_digit_65536_35:
      000000                        505 	.ds 5
                                    506 ;--------------------------------------------------------
                                    507 ; overlayable items in internal ram
                                    508 ;--------------------------------------------------------
                                    509 	.area	OSEG    (OVR,DATA)
                                    510 	.area	OSEG    (OVR,DATA)
                                    511 	.area	OSEG    (OVR,DATA)
                                    512 ;--------------------------------------------------------
                                    513 ; indirectly addressable internal ram data
                                    514 ;--------------------------------------------------------
                                    515 	.area ISEG    (DATA)
                                    516 ;--------------------------------------------------------
                                    517 ; absolute internal ram data
                                    518 ;--------------------------------------------------------
                                    519 	.area IABS    (ABS,DATA)
                                    520 	.area IABS    (ABS,DATA)
                                    521 ;--------------------------------------------------------
                                    522 ; bit data
                                    523 ;--------------------------------------------------------
                                    524 	.area BSEG    (BIT)
                                    525 ;--------------------------------------------------------
                                    526 ; paged external ram data
                                    527 ;--------------------------------------------------------
                                    528 	.area PSEG    (PAG,XDATA)
                                    529 ;--------------------------------------------------------
                                    530 ; uninitialized external ram data
                                    531 ;--------------------------------------------------------
                                    532 	.area XSEG    (XDATA)
                                    533 ;--------------------------------------------------------
                                    534 ; absolute external ram data
                                    535 ;--------------------------------------------------------
                                    536 	.area XABS    (ABS,XDATA)
                                    537 ;--------------------------------------------------------
                                    538 ; initialized external ram data
                                    539 ;--------------------------------------------------------
                                    540 	.area XISEG   (XDATA)
                                    541 	.area HOME    (CODE)
                                    542 	.area GSINIT0 (CODE)
                                    543 	.area GSINIT1 (CODE)
                                    544 	.area GSINIT2 (CODE)
                                    545 	.area GSINIT3 (CODE)
                                    546 	.area GSINIT4 (CODE)
                                    547 	.area GSINIT5 (CODE)
                                    548 	.area GSINIT  (CODE)
                                    549 	.area GSFINAL (CODE)
                                    550 	.area CSEG    (CODE)
                                    551 ;--------------------------------------------------------
                                    552 ; global & static initialisations
                                    553 ;--------------------------------------------------------
                                    554 	.area HOME    (CODE)
                                    555 	.area GSINIT  (CODE)
                                    556 	.area GSFINAL (CODE)
                                    557 	.area GSINIT  (CODE)
                                    558 ;--------------------------------------------------------
                                    559 ; Home
                                    560 ;--------------------------------------------------------
                                    561 	.area HOME    (CODE)
                                    562 	.area HOME    (CODE)
                                    563 ;--------------------------------------------------------
                                    564 ; code
                                    565 ;--------------------------------------------------------
                                    566 	.area CSEG    (CODE)
                                    567 ;------------------------------------------------------------
                                    568 ;Allocation info for local variables in function 'UART0_Init'
                                    569 ;------------------------------------------------------------
                                    570 ;	lib/src/uart0.c:5: void UART0_Init(void)
                                    571 ;	-----------------------------------------
                                    572 ;	 function UART0_Init
                                    573 ;	-----------------------------------------
      000000                        574 _UART0_Init:
                           000007   575 	ar7 = 0x07
                           000006   576 	ar6 = 0x06
                           000005   577 	ar5 = 0x05
                           000004   578 	ar4 = 0x04
                           000003   579 	ar3 = 0x03
                           000002   580 	ar2 = 0x02
                           000001   581 	ar1 = 0x01
                           000000   582 	ar0 = 0x00
                                    583 ;	lib/src/uart0.c:8: T3CON |= (1 << 5);
      000000 43 C4 20         [24]  584 	orl	_T3CON,#0x20
                                    585 ;	lib/src/uart0.c:10: T3CON &= 0xF8;
      000003 53 C4 F8         [24]  586 	anl	_T3CON,#0xf8
                                    587 ;	lib/src/uart0.c:13: EIE1 &= ~(1 << 1);
      000006 53 9C FD         [24]  588 	anl	_EIE1,#0xfd
                                    589 ;	lib/src/uart0.c:15: RH3 = 0xff;
      000009 75 C6 FF         [24]  590 	mov	_RH3,#0xff
                                    591 ;	lib/src/uart0.c:16: RL3 = 0xe6;
      00000C 75 C5 E6         [24]  592 	mov	_RL3,#0xe6
                                    593 ;	lib/src/uart0.c:18: T3CON |= (1 << 3);
      00000F 43 C4 08         [24]  594 	orl	_T3CON,#0x08
                                    595 ;	lib/src/uart0.c:20: PCON &= ~(1 << 7);
      000012 53 87 7F         [24]  596 	anl	_PCON,#0x7f
                                    597 ;	lib/src/uart0.c:22: P06 = 1;
                                    598 ;	assignBit
      000015 D2 86            [12]  599 	setb	_P06
                                    600 ;	lib/src/uart0.c:23: P0M1 &= ~(1 << 6);
      000017 53 B1 BF         [24]  601 	anl	_P0M1,#0xbf
                                    602 ;	lib/src/uart0.c:24: P0M2 |= (1 << 6);
      00001A 43 B2 40         [24]  603 	orl	_P0M2,#0x40
                                    604 ;	lib/src/uart0.c:25: P07 = 1;
                                    605 ;	assignBit
      00001D D2 87            [12]  606 	setb	_P07
                                    607 ;	lib/src/uart0.c:26: P0M1 &= ~(1 << 7);
      00001F 53 B1 7F         [24]  608 	anl	_P0M1,#0x7f
                                    609 ;	lib/src/uart0.c:27: P0M2 &= ~(1 << 7);
      000022 53 B2 7F         [24]  610 	anl	_P0M2,#0x7f
                                    611 ;	lib/src/uart0.c:29: PCON &= ~(1 << 6);
      000025 53 87 BF         [24]  612 	anl	_PCON,#0xbf
                                    613 ;	lib/src/uart0.c:30: SM0 = 0;
                                    614 ;	assignBit
      000028 C2 9F            [12]  615 	clr	_SM0
                                    616 ;	lib/src/uart0.c:31: SM1 = 1;
                                    617 ;	assignBit
      00002A D2 9E            [12]  618 	setb	_SM1
                                    619 ;	lib/src/uart0.c:33: REN = 1;
                                    620 ;	assignBit
      00002C D2 9C            [12]  621 	setb	_REN
                                    622 ;	lib/src/uart0.c:34: }
      00002E 22               [24]  623 	ret
                                    624 ;------------------------------------------------------------
                                    625 ;Allocation info for local variables in function 'UART0_SendData'
                                    626 ;------------------------------------------------------------
                                    627 ;u8Data                    Allocated to registers 
                                    628 ;------------------------------------------------------------
                                    629 ;	lib/src/uart0.c:36: void UART0_SendData(uint8_t u8Data)
                                    630 ;	-----------------------------------------
                                    631 ;	 function UART0_SendData
                                    632 ;	-----------------------------------------
      00002F                        633 _UART0_SendData:
      00002F 85 82 99         [24]  634 	mov	_SBUF,dpl
                                    635 ;	lib/src/uart0.c:38: SBUF = u8Data;
                                    636 ;	lib/src/uart0.c:39: }
      000032 22               [24]  637 	ret
                                    638 ;------------------------------------------------------------
                                    639 ;Allocation info for local variables in function 'UART0_GetData'
                                    640 ;------------------------------------------------------------
                                    641 ;	lib/src/uart0.c:41: uint8_t UART0_GetData(void)
                                    642 ;	-----------------------------------------
                                    643 ;	 function UART0_GetData
                                    644 ;	-----------------------------------------
      000033                        645 _UART0_GetData:
                                    646 ;	lib/src/uart0.c:43: return SBUF;
      000033 85 99 82         [24]  647 	mov	dpl,_SBUF
                                    648 ;	lib/src/uart0.c:44: }
      000036 22               [24]  649 	ret
                                    650 ;------------------------------------------------------------
                                    651 ;Allocation info for local variables in function 'UART0_EnableInterrupt'
                                    652 ;------------------------------------------------------------
                                    653 ;	lib/src/uart0.c:46: void UART0_EnableInterrupt(void)
                                    654 ;	-----------------------------------------
                                    655 ;	 function UART0_EnableInterrupt
                                    656 ;	-----------------------------------------
      000037                        657 _UART0_EnableInterrupt:
                                    658 ;	lib/src/uart0.c:48: ES = 1;
                                    659 ;	assignBit
      000037 D2 AC            [12]  660 	setb	_ES
                                    661 ;	lib/src/uart0.c:49: }
      000039 22               [24]  662 	ret
                                    663 ;------------------------------------------------------------
                                    664 ;Allocation info for local variables in function 'UART0_DisableInterrupt'
                                    665 ;------------------------------------------------------------
                                    666 ;	lib/src/uart0.c:51: void UART0_DisableInterrupt(void)
                                    667 ;	-----------------------------------------
                                    668 ;	 function UART0_DisableInterrupt
                                    669 ;	-----------------------------------------
      00003A                        670 _UART0_DisableInterrupt:
                                    671 ;	lib/src/uart0.c:53: ES = 0;
                                    672 ;	assignBit
      00003A C2 AC            [12]  673 	clr	_ES
                                    674 ;	lib/src/uart0.c:54: }
      00003C 22               [24]  675 	ret
                                    676 ;------------------------------------------------------------
                                    677 ;Allocation info for local variables in function 'UART0_ClearFlag'
                                    678 ;------------------------------------------------------------
                                    679 ;u8Flag                    Allocated to registers r7 
                                    680 ;------------------------------------------------------------
                                    681 ;	lib/src/uart0.c:56: void UART0_ClearFlag(uint8_t u8Flag)
                                    682 ;	-----------------------------------------
                                    683 ;	 function UART0_ClearFlag
                                    684 ;	-----------------------------------------
      00003D                        685 _UART0_ClearFlag:
                                    686 ;	lib/src/uart0.c:58: SCON &= ~(u8Flag);
      00003D E5 82            [12]  687 	mov	a,dpl
      00003F F4               [12]  688 	cpl	a
      000040 52 98            [12]  689 	anl	_SCON,a
                                    690 ;	lib/src/uart0.c:59: }
      000042 22               [24]  691 	ret
                                    692 ;------------------------------------------------------------
                                    693 ;Allocation info for local variables in function 'UART0_GetFlag'
                                    694 ;------------------------------------------------------------
                                    695 ;u8Flag                    Allocated to registers r7 
                                    696 ;------------------------------------------------------------
                                    697 ;	lib/src/uart0.c:61: uint8_t UART0_GetFlag(uint8_t u8Flag)
                                    698 ;	-----------------------------------------
                                    699 ;	 function UART0_GetFlag
                                    700 ;	-----------------------------------------
      000043                        701 _UART0_GetFlag:
                                    702 ;	lib/src/uart0.c:63: if (SCON & (u8Flag)) {
      000043 E5 82            [12]  703 	mov	a,dpl
      000045 55 98            [12]  704 	anl	a,_SCON
      000047 60 04            [24]  705 	jz	00102$
                                    706 ;	lib/src/uart0.c:64: return 1;
      000049 75 82 01         [24]  707 	mov	dpl,#0x01
      00004C 22               [24]  708 	ret
      00004D                        709 00102$:
                                    710 ;	lib/src/uart0.c:66: return 0;
      00004D 75 82 00         [24]  711 	mov	dpl,#0x00
                                    712 ;	lib/src/uart0.c:68: }
      000050 22               [24]  713 	ret
                                    714 ;------------------------------------------------------------
                                    715 ;Allocation info for local variables in function 'UART0_STRING'
                                    716 ;------------------------------------------------------------
                                    717 ;cy                        Allocated to registers 
                                    718 ;------------------------------------------------------------
                                    719 ;	lib/src/uart0.c:69: void UART0_STRING(const char *cy)
                                    720 ;	-----------------------------------------
                                    721 ;	 function UART0_STRING
                                    722 ;	-----------------------------------------
      000051                        723 _UART0_STRING:
      000051 AD 82            [24]  724 	mov	r5,dpl
      000053 AE 83            [24]  725 	mov	r6,dph
      000055 AF F0            [24]  726 	mov	r7,b
                                    727 ;	lib/src/uart0.c:71: while(*cy)
      000057                        728 00104$:
      000057 8D 82            [24]  729 	mov	dpl,r5
      000059 8E 83            [24]  730 	mov	dph,r6
      00005B 8F F0            [24]  731 	mov	b,r7
      00005D 12r00r00         [24]  732 	lcall	__gptrget
      000060 FC               [12]  733 	mov	r4,a
      000061 60 31            [24]  734 	jz	00107$
                                    735 ;	lib/src/uart0.c:73: SBUF = (*cy);
      000063 8C 99            [24]  736 	mov	_SBUF,r4
                                    737 ;	lib/src/uart0.c:74: while (UART0_GetFlag(UART0_TX_FLAG) == 0) {}
      000065                        738 00101$:
      000065 75 82 02         [24]  739 	mov	dpl,#0x02
      000068 C0 07            [24]  740 	push	ar7
      00006A C0 06            [24]  741 	push	ar6
      00006C C0 05            [24]  742 	push	ar5
      00006E 12r00r43         [24]  743 	lcall	_UART0_GetFlag
      000071 E5 82            [12]  744 	mov	a,dpl
      000073 D0 05            [24]  745 	pop	ar5
      000075 D0 06            [24]  746 	pop	ar6
      000077 D0 07            [24]  747 	pop	ar7
      000079 60 EA            [24]  748 	jz	00101$
                                    749 ;	lib/src/uart0.c:75: UART0_ClearFlag(UART0_TX_FLAG);
      00007B 75 82 02         [24]  750 	mov	dpl,#0x02
      00007E C0 07            [24]  751 	push	ar7
      000080 C0 06            [24]  752 	push	ar6
      000082 C0 05            [24]  753 	push	ar5
      000084 12r00r3D         [24]  754 	lcall	_UART0_ClearFlag
      000087 D0 05            [24]  755 	pop	ar5
      000089 D0 06            [24]  756 	pop	ar6
      00008B D0 07            [24]  757 	pop	ar7
                                    758 ;	lib/src/uart0.c:76: cy++;
      00008D 0D               [12]  759 	inc	r5
      00008E BD 00 C6         [24]  760 	cjne	r5,#0x00,00104$
      000091 0E               [12]  761 	inc	r6
      000092 80 C3            [24]  762 	sjmp	00104$
      000094                        763 00107$:
                                    764 ;	lib/src/uart0.c:78: }
      000094 22               [24]  765 	ret
                                    766 ;------------------------------------------------------------
                                    767 ;Allocation info for local variables in function 'UART0_NLINE'
                                    768 ;------------------------------------------------------------
                                    769 ;	lib/src/uart0.c:79: void UART0_NLINE(void)
                                    770 ;	-----------------------------------------
                                    771 ;	 function UART0_NLINE
                                    772 ;	-----------------------------------------
      000095                        773 _UART0_NLINE:
                                    774 ;	lib/src/uart0.c:81: SBUF = 0x0a;
      000095 75 99 0A         [24]  775 	mov	_SBUF,#0x0a
                                    776 ;	lib/src/uart0.c:82: while (UART0_GetFlag(UART0_TX_FLAG) == 0) {}
      000098                        777 00101$:
      000098 75 82 02         [24]  778 	mov	dpl,#0x02
      00009B 12r00r43         [24]  779 	lcall	_UART0_GetFlag
      00009E E5 82            [12]  780 	mov	a,dpl
      0000A0 60 F6            [24]  781 	jz	00101$
                                    782 ;	lib/src/uart0.c:83: UART0_ClearFlag(UART0_TX_FLAG);
      0000A2 75 82 02         [24]  783 	mov	dpl,#0x02
                                    784 ;	lib/src/uart0.c:84: }
      0000A5 02r00r3D         [24]  785 	ljmp	_UART0_ClearFlag
                                    786 ;------------------------------------------------------------
                                    787 ;Allocation info for local variables in function 'UART0_NUMBER'
                                    788 ;------------------------------------------------------------
                                    789 ;number                    Allocated to registers r6 r7 
                                    790 ;count                     Allocated to registers r5 
                                    791 ;digit                     Allocated with name '_UART0_NUMBER_digit_65536_35'
                                    792 ;------------------------------------------------------------
                                    793 ;	lib/src/uart0.c:85: void UART0_NUMBER(int number)
                                    794 ;	-----------------------------------------
                                    795 ;	 function UART0_NUMBER
                                    796 ;	-----------------------------------------
      0000A8                        797 _UART0_NUMBER:
      0000A8 AE 82            [24]  798 	mov	r6,dpl
      0000AA AF 83            [24]  799 	mov	r7,dph
                                    800 ;	lib/src/uart0.c:87: char count = 0;
      0000AC 7D 00            [12]  801 	mov	r5,#0x00
                                    802 ;	lib/src/uart0.c:88: char digit[5] = "";
      0000AE 8D*00            [24]  803 	mov	_UART0_NUMBER_digit_65536_35,r5
      0000B0 8D*01            [24]  804 	mov	(_UART0_NUMBER_digit_65536_35 + 0x0001),r5
      0000B2 8D*02            [24]  805 	mov	(_UART0_NUMBER_digit_65536_35 + 0x0002),r5
      0000B4 8D*03            [24]  806 	mov	(_UART0_NUMBER_digit_65536_35 + 0x0003),r5
      0000B6 8D*04            [24]  807 	mov	(_UART0_NUMBER_digit_65536_35 + 0x0004),r5
                                    808 ;	lib/src/uart0.c:89: if (number == 0)
      0000B8 EE               [12]  809 	mov	a,r6
      0000B9 4F               [12]  810 	orl	a,r7
                                    811 ;	lib/src/uart0.c:91: digit[0] = 0;
      0000BA 70 04            [24]  812 	jnz	00116$
      0000BC F5*00            [12]  813 	mov	_UART0_NUMBER_digit_65536_35,a
                                    814 ;	lib/src/uart0.c:92: count = 1;
      0000BE 7D 01            [12]  815 	mov	r5,#0x01
                                    816 ;	lib/src/uart0.c:94: while(number != 0)
      0000C0                        817 00116$:
      0000C0                        818 00103$:
      0000C0 EE               [12]  819 	mov	a,r6
      0000C1 4F               [12]  820 	orl	a,r7
      0000C2 60 3D            [24]  821 	jz	00120$
                                    822 ;	lib/src/uart0.c:96: digit[count] = number%10;   //lay chu so ngoai cung xxxx8;
      0000C4 ED               [12]  823 	mov	a,r5
      0000C5 24r00            [12]  824 	add	a,#_UART0_NUMBER_digit_65536_35
      0000C7 F9               [12]  825 	mov	r1,a
      0000C8 75*00 0A         [24]  826 	mov	__modsint_PARM_2,#0x0a
      0000CB 75*01 00         [24]  827 	mov	(__modsint_PARM_2 + 1),#0x00
      0000CE 8E 82            [24]  828 	mov	dpl,r6
      0000D0 8F 83            [24]  829 	mov	dph,r7
      0000D2 C0 07            [24]  830 	push	ar7
      0000D4 C0 06            [24]  831 	push	ar6
      0000D6 C0 05            [24]  832 	push	ar5
      0000D8 C0 01            [24]  833 	push	ar1
      0000DA 12r00r00         [24]  834 	lcall	__modsint
      0000DD AB 82            [24]  835 	mov	r3,dpl
      0000DF D0 01            [24]  836 	pop	ar1
      0000E1 D0 05            [24]  837 	pop	ar5
      0000E3 D0 06            [24]  838 	pop	ar6
      0000E5 D0 07            [24]  839 	pop	ar7
      0000E7 A7 03            [24]  840 	mov	@r1,ar3
                                    841 ;	lib/src/uart0.c:97: ++count;
      0000E9 0D               [12]  842 	inc	r5
                                    843 ;	lib/src/uart0.c:98: number = number/10;         //chia so number cho 10 de bo so ngoai cung xxxx
      0000EA 75*00 0A         [24]  844 	mov	__divsint_PARM_2,#0x0a
      0000ED 75*01 00         [24]  845 	mov	(__divsint_PARM_2 + 1),#0x00
      0000F0 8E 82            [24]  846 	mov	dpl,r6
      0000F2 8F 83            [24]  847 	mov	dph,r7
      0000F4 C0 05            [24]  848 	push	ar5
      0000F6 12r00r00         [24]  849 	lcall	__divsint
      0000F9 AE 82            [24]  850 	mov	r6,dpl
      0000FB AF 83            [24]  851 	mov	r7,dph
      0000FD D0 05            [24]  852 	pop	ar5
                                    853 ;	lib/src/uart0.c:100: while (count!=0)
      0000FF 80 BF            [24]  854 	sjmp	00103$
      000101                        855 00120$:
      000101 8D 07            [24]  856 	mov	ar7,r5
      000103                        857 00109$:
      000103 EF               [12]  858 	mov	a,r7
      000104 60 29            [24]  859 	jz	00112$
                                    860 ;	lib/src/uart0.c:102: SBUF = (digit[count - 1] + 0x30); // 0x30 = 48 ;
      000106 8F 06            [24]  861 	mov	ar6,r7
      000108 EE               [12]  862 	mov	a,r6
      000109 14               [12]  863 	dec	a
      00010A 24r00            [12]  864 	add	a,#_UART0_NUMBER_digit_65536_35
      00010C F9               [12]  865 	mov	r1,a
      00010D 87 06            [24]  866 	mov	ar6,@r1
      00010F 74 30            [12]  867 	mov	a,#0x30
      000111 2E               [12]  868 	add	a,r6
      000112 F5 99            [12]  869 	mov	_SBUF,a
                                    870 ;	lib/src/uart0.c:103: while (UART0_GetFlag(UART0_TX_FLAG) == 0) {}
      000114                        871 00106$:
      000114 75 82 02         [24]  872 	mov	dpl,#0x02
      000117 C0 07            [24]  873 	push	ar7
      000119 12r00r43         [24]  874 	lcall	_UART0_GetFlag
      00011C E5 82            [12]  875 	mov	a,dpl
      00011E D0 07            [24]  876 	pop	ar7
      000120 60 F2            [24]  877 	jz	00106$
                                    878 ;	lib/src/uart0.c:104: UART0_ClearFlag(UART0_TX_FLAG);
      000122 75 82 02         [24]  879 	mov	dpl,#0x02
      000125 C0 07            [24]  880 	push	ar7
      000127 12r00r3D         [24]  881 	lcall	_UART0_ClearFlag
      00012A D0 07            [24]  882 	pop	ar7
                                    883 ;	lib/src/uart0.c:105: --count;
      00012C 1F               [12]  884 	dec	r7
      00012D 80 D4            [24]  885 	sjmp	00109$
      00012F                        886 00112$:
                                    887 ;	lib/src/uart0.c:107: }
      00012F 22               [24]  888 	ret
                                    889 	.area CSEG    (CODE)
                                    890 	.area CONST   (CODE)
                                    891 	.area XINIT   (CODE)
                                    892 	.area CABS    (ABS,CODE)
